

*******************************************************************************
Tue Oct 14 15:57:32 2025


FIT:    data read from "time_calib.dat"
        #datapoints = 8
        residuals are weighted equally (unit weight)

function used for fitting: f(x)
fitted parameters initialized with current variable values



 Iteration 0
 WSSR        : 1.09471e+07       delta(WSSR)/WSSR   : 0
 delta(WSSR) : 0                 limit for stopping : 1e-05
 lambda	  : 35.7141

initial set of free parameter values

a               = 1
b               = 1

After 5 iterations the fit converged.
final sum of squares of residuals : 7.11905
rel. change during last iteration : -6.68136e-06

degrees of freedom    (FIT_NDF)                        : 6
rms of residuals      (FIT_STDFIT) = sqrt(WSSR/ndf)    : 1.08927
variance of residuals (reduced chisquare) = WSSR/ndf   : 1.18651

Final set of parameters            Asymptotic Standard Error
=======================            ==========================

a               = 22.2105          +/- 0.01681      (0.07568%)
b               = 110.579          +/- 0.8488       (0.7676%)


correlation matrix of the fit parameters:

               a      b      
a               1.000 
b              -0.891  1.000 


*******************************************************************************
Tue Oct 14 16:12:09 2025


FIT:    data read from "time_calib.dat"
	x range restricted to [0.00000 : 90.0000]
	y range restricted to [0.00000 : 2000.00]
        #datapoints = 8
        residuals are weighted equally (unit weight)

function used for fitting: f(x)
fitted parameters initialized with current variable values



 Iteration 0
 WSSR        : 7.11905           delta(WSSR)/WSSR   : 0
 delta(WSSR) : 0                 limit for stopping : 1e-05
 lambda	  : 35.7141

initial set of free parameter values

a               = 22.2105
b               = 110.579

After 1 iterations the fit converged.
final sum of squares of residuals : 7.11905
rel. change during last iteration : -3.96739e-14

degrees of freedom    (FIT_NDF)                        : 6
rms of residuals      (FIT_STDFIT) = sqrt(WSSR/ndf)    : 1.08927
variance of residuals (reduced chisquare) = WSSR/ndf   : 1.18651

Final set of parameters            Asymptotic Standard Error
=======================            ==========================

a               = 22.2105          +/- 0.01681      (0.07568%)
b               = 110.579          +/- 0.8488       (0.7676%)


correlation matrix of the fit parameters:

               a      b      
a               1.000 
b              -0.891  1.000 


*******************************************************************************
Mon Oct 20 14:30:09 2025


FIT:    data read from "time_calib.dat"
        #datapoints = 8
        residuals are weighted equally (unit weight)

function used for fitting: f(x)
fitted parameters initialized with current variable values



 Iteration 0
 WSSR        : 1.09471e+07       delta(WSSR)/WSSR   : 0
 delta(WSSR) : 0                 limit for stopping : 1e-05
 lambda	  : 35.7141

initial set of free parameter values

a               = 1
b               = 1

After 5 iterations the fit converged.
final sum of squares of residuals : 7.11905
rel. change during last iteration : -6.68136e-06

degrees of freedom    (FIT_NDF)                        : 6
rms of residuals      (FIT_STDFIT) = sqrt(WSSR/ndf)    : 1.08927
variance of residuals (reduced chisquare) = WSSR/ndf   : 1.18651

Final set of parameters            Asymptotic Standard Error
=======================            ==========================

a               = 22.2105          +/- 0.01681      (0.07568%)
b               = 110.579          +/- 0.8488       (0.7676%)


correlation matrix of the fit parameters:

               a      b      
a               1.000 
b              -0.891  1.000 


*******************************************************************************
Mon Oct 20 14:30:31 2025


FIT:    data read from "time_calib.dat"
        #datapoints = 8
        residuals are weighted equally (unit weight)

function used for fitting: f(x)
fitted parameters initialized with current variable values



 Iteration 0
 WSSR        : 7.11905           delta(WSSR)/WSSR   : 0
 delta(WSSR) : 0                 limit for stopping : 1e-05
 lambda	  : 35.7141

initial set of free parameter values

a               = 22.2105
b               = 110.579

After 1 iterations the fit converged.
final sum of squares of residuals : 7.11905
rel. change during last iteration : -3.96739e-14

degrees of freedom    (FIT_NDF)                        : 6
rms of residuals      (FIT_STDFIT) = sqrt(WSSR/ndf)    : 1.08927
variance of residuals (reduced chisquare) = WSSR/ndf   : 1.18651

Final set of parameters            Asymptotic Standard Error
=======================            ==========================

a               = 22.2105          +/- 0.01681      (0.07568%)
b               = 110.579          +/- 0.8488       (0.7676%)


correlation matrix of the fit parameters:

               a      b      
a               1.000 
b              -0.891  1.000 


*******************************************************************************
Mon Oct 20 14:33:04 2025


FIT:    data read from "time_calib.dat"
        #datapoints = 8
        residuals are weighted equally (unit weight)

function used for fitting: f(x)
fitted parameters initialized with current variable values



 Iteration 0
 WSSR        : 7.11905           delta(WSSR)/WSSR   : 0
 delta(WSSR) : 0                 limit for stopping : 1e-05
 lambda	  : 35.7141

initial set of free parameter values

a               = 22.2105
b               = 110.579

After 1 iterations the fit converged.
final sum of squares of residuals : 7.11905
rel. change during last iteration : 0

degrees of freedom    (FIT_NDF)                        : 6
rms of residuals      (FIT_STDFIT) = sqrt(WSSR/ndf)    : 1.08927
variance of residuals (reduced chisquare) = WSSR/ndf   : 1.18651

Final set of parameters            Asymptotic Standard Error
=======================            ==========================

a               = 22.2105          +/- 0.01681      (0.07568%)
b               = 110.579          +/- 0.8488       (0.7676%)


correlation matrix of the fit parameters:

               a      b      
a               1.000 
b              -0.891  1.000 
